Der Buildvorgang wurde am 02.01.2016 23:48:50 gestartet.
     1>Projekt "G:\Daten\Softwareentwicklung\Local\Watersimulation\Watersimulation\Watersimulation.vcxproj" auf Knoten "2", Build Ziel(e).
     1>ClCompile:
         C:\Program Files (x86)\Microsoft Visual Studio 12.0\VC\bin\CL.exe /c /ZI /nologo /W3 /WX- /sdl /Od /Oy- /D _MBCS /Gm /EHsc /RTC1 /MDd /GS /fp:precise /Zc:wchar_t /Zc:forScope /Fo"Debug\\" /Fd"Debug\vc120.pdb" /Gd /TP /analyze- /errorReport:prompt main.cpp
         main.cpp
     1>g:\daten\softwareentwicklung\local\watersimulation\watersimulation\main.cpp(68): warning C4551: Dem Funktionsaufruf fehlt die Argumentliste
     1>g:\daten\softwareentwicklung\local\watersimulation\watersimulation\main.cpp(325): warning C4244: '+=': Konvertierung von 'double' in 'float', möglicher Datenverlust
     1>g:\daten\softwareentwicklung\local\watersimulation\watersimulation\main.cpp(326): warning C4244: '-=': Konvertierung von 'double' in 'float', möglicher Datenverlust
     1>g:\daten\softwareentwicklung\local\watersimulation\watersimulation\main.cpp(392): warning C4018: '<': Konflikt zwischen 'signed' und 'unsigned'
     1>c:\program files (x86)\microsoft visual studio 12.0\vc\include\xrefwrap(283): warning C4244: 'return': Konvertierung von 'int' in 'float', möglicher Datenverlust
                 c:\program files (x86)\microsoft visual studio 12.0\vc\include\functional(228): Siehe Verweis auf die Instanziierung der gerade kompilierten Funktions-template "_Ret std::_Callable_obj<Mesh::{ctor}::<lambda_b1fff8d288d6466a4a392f569fa6c25f>,false>::_ApplyX<_Rx,_Ty>(_Ty &&)".
                 with
                 [
                     _Ret=float
         ,            _Rx=float
         ,            _Ty=glm::vec2
                 ]
                 c:\program files (x86)\microsoft visual studio 12.0\vc\include\functional(228): Siehe Verweis auf die Instanziierung der gerade kompilierten Funktions-template "_Ret std::_Callable_obj<Mesh::{ctor}::<lambda_b1fff8d288d6466a4a392f569fa6c25f>,false>::_ApplyX<_Rx,_Ty>(_Ty &&)".
                 with
                 [
                     _Ret=float
         ,            _Rx=float
         ,            _Ty=glm::vec2
                 ]
                 c:\program files (x86)\microsoft visual studio 12.0\vc\include\functional(226): Bei der Kompilierung der  Klassen-template der float std::_Func_impl<_MyWrapper,_Alloc,_Ret,glm::vec2>::_Do_call(glm::vec2 &&)-Memberfunktion
                 with
                 [
                     _Alloc=std::allocator<std::_Func_class<float,glm::vec2>>
         ,            _Ret=float
                 ]
                 c:\program files (x86)\microsoft visual studio 12.0\vc\include\functional(495): Siehe Verweis auf die Instanziierung der gerade kompilierten Klassen-template "std::_Func_impl<_MyWrapper,_Alloc,_Ret,glm::vec2>".
                 with
                 [
                     _Alloc=std::allocator<std::_Func_class<float,glm::vec2>>
         ,            _Ret=float
                 ]
                 c:\program files (x86)\microsoft visual studio 12.0\vc\include\functional(396): Siehe Verweis auf die Instanziierung der gerade kompilierten Funktions-template "void std::_Func_class<_Ret,glm::vec2>::_Do_alloc<_Myimpl,_Ty,_Alloc>(_Fty &&,_Alloc)".
                 with
                 [
                     _Ret=float
         ,            _Ty=Mesh::{ctor}::<lambda_b1fff8d288d6466a4a392f569fa6c25f>
         ,            _Alloc=std::allocator<std::_Func_class<float,glm::vec2>>
         ,            _Fty=Mesh::{ctor}::<lambda_b1fff8d288d6466a4a392f569fa6c25f>
                 ]
                 c:\program files (x86)\microsoft visual studio 12.0\vc\include\functional(396): Siehe Verweis auf die Instanziierung der gerade kompilierten Funktions-template "void std::_Func_class<_Ret,glm::vec2>::_Do_alloc<_Myimpl,_Ty,_Alloc>(_Fty &&,_Alloc)".
                 with
                 [
                     _Ret=float
         ,            _Ty=Mesh::{ctor}::<lambda_b1fff8d288d6466a4a392f569fa6c25f>
         ,            _Alloc=std::allocator<std::_Func_class<float,glm::vec2>>
         ,            _Fty=Mesh::{ctor}::<lambda_b1fff8d288d6466a4a392f569fa6c25f>
                 ]
                 c:\program files (x86)\microsoft visual studio 12.0\vc\include\functional(385): Siehe Verweis auf die Instanziierung der gerade kompilierten Funktions-template "void std::_Func_class<_Ret,glm::vec2>::_Reset_alloc<_Ty,std::allocator<std::_Func_class<_Ret,glm::vec2>>>(_Fty &&,_Alloc)".
                 with
                 [
                     _Ret=float
         ,            _Ty=Mesh::{ctor}::<lambda_b1fff8d288d6466a4a392f569fa6c25f>
         ,            _Fty=Mesh::{ctor}::<lambda_b1fff8d288d6466a4a392f569fa6c25f>
         ,            _Alloc=std::allocator<std::_Func_class<float,glm::vec2>>
                 ]
                 c:\program files (x86)\microsoft visual studio 12.0\vc\include\functional(385): Siehe Verweis auf die Instanziierung der gerade kompilierten Funktions-template "void std::_Func_class<_Ret,glm::vec2>::_Reset_alloc<_Ty,std::allocator<std::_Func_class<_Ret,glm::vec2>>>(_Fty &&,_Alloc)".
                 with
                 [
                     _Ret=float
         ,            _Ty=Mesh::{ctor}::<lambda_b1fff8d288d6466a4a392f569fa6c25f>
         ,            _Fty=Mesh::{ctor}::<lambda_b1fff8d288d6466a4a392f569fa6c25f>
         ,            _Alloc=std::allocator<std::_Func_class<float,glm::vec2>>
                 ]
                 c:\program files (x86)\microsoft visual studio 12.0\vc\include\functional(671): Siehe Verweis auf die Instanziierung der gerade kompilierten Funktions-template "void std::_Func_class<_Ret,glm::vec2>::_Reset<_Ty>(_Fty &&)".
                 with
                 [
                     _Ret=float
         ,            _Ty=Mesh::{ctor}::<lambda_b1fff8d288d6466a4a392f569fa6c25f>
         ,            _Fty=Mesh::{ctor}::<lambda_b1fff8d288d6466a4a392f569fa6c25f>
                 ]
                 c:\program files (x86)\microsoft visual studio 12.0\vc\include\functional(671): Siehe Verweis auf die Instanziierung der gerade kompilierten Funktions-template "void std::_Func_class<_Ret,glm::vec2>::_Reset<_Ty>(_Fty &&)".
                 with
                 [
                     _Ret=float
         ,            _Ty=Mesh::{ctor}::<lambda_b1fff8d288d6466a4a392f569fa6c25f>
         ,            _Fty=Mesh::{ctor}::<lambda_b1fff8d288d6466a4a392f569fa6c25f>
                 ]
                 g:\daten\softwareentwicklung\local\watersimulation\watersimulation\main.cpp(370): Siehe Verweis auf die Instanziierung der gerade kompilierten Funktions-template "std::function<float (glm::vec2)>::function<Mesh::{ctor}::<lambda_b1fff8d288d6466a4a392f569fa6c25f>>(_Fx &&)".
                 with
                 [
                     _Fx=Mesh::{ctor}::<lambda_b1fff8d288d6466a4a392f569fa6c25f>
                 ]
                 g:\daten\softwareentwicklung\local\watersimulation\watersimulation\main.cpp(370): Siehe Verweis auf die Instanziierung der gerade kompilierten Funktions-template "std::function<float (glm::vec2)>::function<Mesh::{ctor}::<lambda_b1fff8d288d6466a4a392f569fa6c25f>>(_Fx &&)".
                 with
                 [
                     _Fx=Mesh::{ctor}::<lambda_b1fff8d288d6466a4a392f569fa6c25f>
                 ]
       Link:
         C:\Program Files (x86)\Microsoft Visual Studio 12.0\VC\bin\link.exe /ERRORREPORT:PROMPT /OUT:"G:\Daten\Softwareentwicklung\Local\Watersimulation\Debug\Watersimulation.exe" /INCREMENTAL /NOLOGO /LIBPATH:G:\Daten\Softwareentwicklung\Local\Watersimulation\/libraries/corona/bin/win /LIBPATH:G:\Daten\Softwareentwicklung\Local\Watersimulation\/libraries/glew/bin/win /LIBPATH:G:\Daten\Softwareentwicklung\Local\Watersimulation\/libraries/glfw/bin/win opengl32.lib glfw3.lib glew32.lib corona.lib kernel32.lib user32.lib gdi32.lib winspool.lib comdlg32.lib advapi32.lib shell32.lib ole32.lib oleaut32.lib uuid.lib odbc32.lib odbccp32.lib /MANIFEST /MANIFESTUAC:"level='asInvoker' uiAccess='false'" /manifest:embed /DEBUG /PDB:"G:\Daten\Softwareentwicklung\Local\Watersimulation\Debug\Watersimulation.pdb" /TLBID:1 /DYNAMICBASE /NXCOMPAT /IMPLIB:"G:\Daten\Softwareentwicklung\Local\Watersimulation\Debug\Watersimulation.lib" /MACHINE:X86 Debug\main.obj
         Watersimulation.vcxproj -> G:\Daten\Softwareentwicklung\Local\Watersimulation\Debug\Watersimulation.exe
     1>Die Erstellung des Projekts "G:\Daten\Softwareentwicklung\Local\Watersimulation\Watersimulation\Watersimulation.vcxproj" ist abgeschlossen, Build Ziel(e).

Build erfolgreich.

Verstrichene Zeit 00:00:01.05
