g:\daten\softwareentwicklung\local\realtimewater\visual studio\realtimewater\debug\vc120.pdb
g:\daten\softwareentwicklung\local\realtimewater\visual studio\realtimewater\debug\vc120.idb
g:\daten\softwareentwicklung\local\realtimewater\visual studio\realtimewater\debug\main.obj
g:\daten\softwareentwicklung\local\realtimewater\visual studio\..\bin\debug\realtimewater.pdb
g:\daten\softwareentwicklung\local\realtimewater\visual studio\realtimewater\debug\realtimewater.tlog\cl.command.1.tlog
g:\daten\softwareentwicklung\local\realtimewater\visual studio\realtimewater\debug\realtimewater.tlog\cl.read.1.tlog
g:\daten\softwareentwicklung\local\realtimewater\visual studio\realtimewater\debug\realtimewater.tlog\cl.write.1.tlog
g:\daten\softwareentwicklung\local\realtimewater\visual studio\realtimewater\debug\realtimewater.tlog\link-cvtres.read.1.tlog
g:\daten\softwareentwicklung\local\realtimewater\visual studio\realtimewater\debug\realtimewater.tlog\link-cvtres.write.1.tlog
g:\daten\softwareentwicklung\local\realtimewater\visual studio\realtimewater\debug\realtimewater.tlog\link-rc.read.1.tlog
g:\daten\softwareentwicklung\local\realtimewater\visual studio\realtimewater\debug\realtimewater.tlog\link-rc.write.1.tlog
g:\daten\softwareentwicklung\local\realtimewater\visual studio\realtimewater\debug\realtimewater.tlog\link.4488-cvtres.read.1.tlog
g:\daten\softwareentwicklung\local\realtimewater\visual studio\realtimewater\debug\realtimewater.tlog\link.4488-cvtres.write.1.tlog
g:\daten\softwareentwicklung\local\realtimewater\visual studio\realtimewater\debug\realtimewater.tlog\link.4488-rc.read.1.tlog
g:\daten\softwareentwicklung\local\realtimewater\visual studio\realtimewater\debug\realtimewater.tlog\link.4488-rc.write.1.tlog
g:\daten\softwareentwicklung\local\realtimewater\visual studio\realtimewater\debug\realtimewater.tlog\link.4488.read.1.tlog
g:\daten\softwareentwicklung\local\realtimewater\visual studio\realtimewater\debug\realtimewater.tlog\link.4488.write.1.tlog
g:\daten\softwareentwicklung\local\realtimewater\visual studio\realtimewater\debug\realtimewater.tlog\link.command.1.tlog
g:\daten\softwareentwicklung\local\realtimewater\visual studio\realtimewater\debug\realtimewater.tlog\link.read.1.tlog
g:\daten\softwareentwicklung\local\realtimewater\visual studio\realtimewater\debug\realtimewater.tlog\link.write.1.tlog
